<?xml version="1.0" encoding="UTF-8"?>
<!-- Generated by org.testng.reporters.JUnitReportReporter -->
<testsuite hostname="DESKTOP-OOA8I55" failures="0" tests="1" name="Salesforce.E2E_AutomationTest.ValidateHeader" time="7.197" errors="0" timestamp="30 Jun 2021 18:57:49 GMT">
  <testcase classname="Salesforce.E2E_AutomationTest.ValidateHeader" name="validateHeader" time="7.197"/>
</testsuite> <!-- Salesforce.E2E_AutomationTest.ValidateHeader -->
