<?xml version="1.0" encoding="UTF-8"?>
<!-- Generated by org.testng.reporters.JUnitReportReporter -->
<testsuite hostname="DESKTOP-OOA8I55" failures="0" tests="1" name="Salesforce.E2E_AutomationTest.ValidateFooter" time="6.306" errors="0" timestamp="29 Jun 2021 00:59:06 GMT">
  <testcase classname="Salesforce.E2E_AutomationTest.ValidateFooter" name="basePageNavigation" time="6.306"/>
</testsuite> <!-- Salesforce.E2E_AutomationTest.ValidateFooter -->
